34834 vertices read.
69451 faces read.
Initializing Data Structures...
Time to init data structures: 10
Computing initial quadrics...
Time to initialize quadrics: 18
Computing edges...
Init edges.
Time to init edges: 43
No. of edges: 104288
Target vertex count: 3484
Initializing Uniform Grid...
No. of cells: 1
Time to initialize uniform grid: 18
[0;32mGrid: 1[0m
Time updating queue: 30 ms
	->Updating heap: 28 ms
Time init device: 140 ms
Time collapsing: 45 ms
Time simplifying (total): 375 ms
Edges dropped: 203810
Writing output to ../models/bunny90_GPU.off
Output: 34834 vertices - 69451 faces.
[0m
real	0m0.871s
user	0m0.568s
sys	0m0.288s
